<?xml version="1.0" encoding="UTF-8"?>
<!-- Generated by org.testng.reporters.JUnitReportReporter -->
<testsuite ignored="0" hostname="Ramesh" failures="0" tests="1" name="testCases.LoginToOrange" time="10.788" errors="0" timestamp="24 Dec 2020 15:35:23 GMT" skipped="0">
  <testcase classname="testCases.LoginToOrange" name="loginToCRM" time="10.788"/>
</testsuite> <!-- testCases.LoginToOrange -->
